============================================
            Test 3 - print square
============================================

"""This test works for the function print_square,
to bring that function the first thing we need
to do is import 4-print_square"""

>>> print_square = __import__('4-print_square').print_square

case 1:

>>> print_square(3)
###
###
###

case 2:

>>> print_square(0)
<BLANKLINE>

case 3:

>>> print_square(-5)
Traceback (most recent call last):
ValueError: size must be >= 0

case 4:

>>> print_square("tati")
Traceback (most recent call last):
TypeError: size must be an integer

case 5:

>>> print_square()
Traceback (most recent call last):
TypeError: print_square() missing 1 required positional argument: 'size'

case 6:

>>> print_square(a)
Traceback (most recent call last):
NameError: name 'a' is not defined